<?xml version="1.0" encoding="UTF-8"?>
<!-- Generated by org.testng.reporters.JUnitReportReporter -->
<testsuite skipped="0" hostname="LAPTOP-8BJ9LJJR" name="links.Fetchlinks" tests="1" failures="0" timestamp="2022-03-02T20:01:23 IST" time="11.555" errors="0">
  <testcase name="Button" time="11.555" classname="links.Fetchlinks"/>
  <system-out/>
</testsuite> <!-- links.Fetchlinks -->
