<?xml version="1.0" encoding="UTF-8"?>
<!-- Generated by org.testng.reporters.JUnitReportReporter -->
<testsuite skipped="0" hostname="LAPTOP-8BJ9LJJR" name="makeMyTrip.login" tests="1" failures="0" timestamp="2022-02-17T19:52:51 IST" time="48.484" errors="0">
  <testcase name="log" time="48.484" classname="makeMyTrip.login"/>
  <system-out/>
</testsuite> <!-- makeMyTrip.login -->
