<?xml version="1.0" encoding="UTF-8"?>
<!-- Generated by org.testng.reporters.JUnitReportReporter -->
<testsuite skipped="0" hostname="LAPTOP-8BJ9LJJR" name="makeMyTrip.Fetchlinks" tests="1" failures="0" timestamp="2022-02-17T22:50:09 IST" time="8.047" errors="0">
  <testcase name="Button" time="8.047" classname="makeMyTrip.Fetchlinks"/>
  <system-out/>
</testsuite> <!-- makeMyTrip.Fetchlinks -->
