<?xml version="1.0" encoding="UTF-8"?>
<!-- Generated by org.testng.reporters.JUnitReportReporter -->
<testsuite skipped="0" hostname="LAPTOP-8BJ9LJJR" name="account.SignUp" tests="1" failures="0" timestamp="2022-03-21T20:35:09 IST" time="13.336" errors="0">
  <testcase name="signup" time="13.336" classname="account.SignUp"/>
  <system-out/>
</testsuite> <!-- account.SignUp -->
