<?xml version="1.0" encoding="UTF-8"?>
<!-- Generated by org.testng.reporters.JUnitReportReporter -->
<testsuite skipped="0" hostname="LAPTOP-8BJ9LJJR" name="booking.homestay" tests="1" failures="0" timestamp="2022-03-16T19:55:05 IST" time="11.623" errors="0">
  <testcase name="homestay" time="11.623" classname="booking.homestay"/>
  <system-out/>
</testsuite> <!-- booking.homestay -->
