<?xml version="1.0" encoding="UTF-8"?>
<!-- Generated by org.testng.reporters.JUnitReportReporter -->
<testsuite skipped="0" hostname="LAPTOP-8BJ9LJJR" name="Vitalize.NavigateToAllFunct" tests="1" failures="0" timestamp="2022-06-06T17:50:55 IST" time="21.210" errors="0">
  <testcase name="naviagtetoallfunctionality" time="21.210" classname="Vitalize.NavigateToAllFunct"/>
  <system-out/>
</testsuite> <!-- Vitalize.NavigateToAllFunct -->
