<?xml version="1.0" encoding="UTF-8"?>
<!-- Generated by org.testng.reporters.JUnitReportReporter -->
<testsuite skipped="0" hostname="LAPTOP-8BJ9LJJR" name="account.login" tests="1" failures="0" timestamp="2022-03-11T18:17:56 IST" time="5.846" errors="0">
  <testcase name="log" time="5.846" classname="account.login"/>
  <system-out/>
</testsuite> <!-- account.login -->
