<?xml version="1.0" encoding="UTF-8"?>
<!-- Generated by org.testng.reporters.JUnitReportReporter -->
<testsuite skipped="0" hostname="LAPTOP-8BJ9LJJR" name="makeMyTrip.ClickOnUpperButtons" tests="1" failures="0" timestamp="2022-02-17T20:22:03 IST" time="4.773" errors="0">
  <testcase name="click" time="4.773" classname="makeMyTrip.ClickOnUpperButtons"/>
  <system-out/>
</testsuite> <!-- makeMyTrip.ClickOnUpperButtons -->
