<?xml version="1.0" encoding="UTF-8"?>
<!-- Generated by org.testng.reporters.JUnitReportReporter -->
<testsuite skipped="0" hostname="LAPTOP-8BJ9LJJR" name="Vitalize.SignIn" tests="1" failures="0" timestamp="2022-06-03T10:15:18 IST" time="0.722" errors="0">
  <testcase name="sign" time="0.722" classname="Vitalize.SignIn"/>
  <system-out/>
</testsuite> <!-- Vitalize.SignIn -->
