<?xml version="1.0" encoding="UTF-8"?>
<!-- Generated by org.testng.reporters.JUnitReportReporter -->
<testsuite skipped="0" hostname="LAPTOP-8BJ9LJJR" name="links.linksSize" tests="1" failures="0" timestamp="2022-03-10T23:01:42 IST" time="3.593" errors="0">
  <testcase name="login" time="3.593" classname="links.linksSize"/>
  <system-out/>
</testsuite> <!-- links.linksSize -->
