<?xml version="1.0" encoding="UTF-8"?>
<!-- Generated by org.testng.reporters.JUnitReportReporter -->
<testsuite skipped="0" hostname="LAPTOP-8BJ9LJJR" name="links.Linkslist" tests="1" failures="0" timestamp="2022-03-02T20:01:57 IST" time="7.909" errors="0">
  <testcase name="login" time="7.909" classname="links.Linkslist"/>
  <system-out/>
</testsuite> <!-- links.Linkslist -->
