<?xml version="1.0" encoding="UTF-8"?>
<!-- Generated by org.testng.reporters.JUnitReportReporter -->
<testsuite skipped="0" hostname="LAPTOP-8BJ9LJJR" name="makeMyTrip.logout" tests="1" failures="0" timestamp="2022-02-17T13:15:03 IST" time="24.549" errors="0">
  <testcase name="f" time="24.549" classname="makeMyTrip.logout"/>
  <system-out/>
</testsuite> <!-- makeMyTrip.logout -->
