<?xml version="1.0" encoding="UTF-8"?>
<!-- Generated by org.testng.reporters.JUnitReportReporter -->
<testsuite skipped="0" hostname="LAPTOP-8BJ9LJJR" name="booking.filter" tests="1" failures="0" timestamp="2022-03-16T19:51:03 IST" time="9.025" errors="0">
  <testcase name="filter" time="9.025" classname="booking.filter"/>
  <system-out/>
</testsuite> <!-- booking.filter -->
