<?xml version="1.0" encoding="UTF-8"?>
<!-- Generated by org.testng.reporters.JUnitReportReporter -->
<testsuite skipped="0" hostname="LAPTOP-8BJ9LJJR" name="Vitalize.Oraganization" tests="1" failures="0" timestamp="2022-06-03T16:10:15 IST" time="20.671" errors="0">
  <testcase name="Oragnization" time="20.671" classname="Vitalize.Oraganization"/>
  <system-out/>
</testsuite> <!-- Vitalize.Oraganization -->
