<?xml version="1.0" encoding="UTF-8"?>
<!-- Generated by org.testng.reporters.JUnitReportReporter -->
<testsuite skipped="0" hostname="LAPTOP-8BJ9LJJR" name="account.PenpennySign" tests="1" failures="0" timestamp="2022-06-02T15:13:52 IST" time="1.028" errors="0">
  <testcase name="Sign" time="1.028" classname="account.PenpennySign"/>
  <system-out/>
</testsuite> <!-- account.PenpennySign -->
