<?xml version="1.0" encoding="UTF-8"?>
<!-- Generated by org.testng.reporters.JUnitReportReporter -->
<testsuite skipped="0" hostname="LAPTOP-8BJ9LJJR" name="account.login1" tests="1" failures="0" timestamp="2022-03-09T18:43:07 IST" time="16.357" errors="0">
  <testcase name="log" time="16.357" classname="account.login1"/>
  <system-out/>
</testsuite> <!-- account.login1 -->
