<?xml version="1.0" encoding="UTF-8"?>
<!-- Generated by org.testng.reporters.JUnitReportReporter -->
<testsuite skipped="0" hostname="LAPTOP-8BJ9LJJR" name="Vitalize.Oragnization" tests="1" failures="0" timestamp="2022-06-06T11:46:10 IST" time="12.439" errors="0">
  <testcase name="f" time="12.439" classname="Vitalize.Oragnization"/>
  <system-out/>
</testsuite> <!-- Vitalize.Oragnization -->
