<?xml version="1.0" encoding="UTF-8"?>
<!-- Generated by org.testng.reporters.JUnitReportReporter -->
<testsuite skipped="0" hostname="LAPTOP-8BJ9LJJR" name="Vitalize.signIn2" tests="1" failures="0" timestamp="2022-06-03T12:12:13 IST" time="21.090" errors="0">
  <testcase name="sign" time="21.090" classname="Vitalize.signIn2"/>
  <system-out/>
</testsuite> <!-- Vitalize.signIn2 -->
