<?xml version="1.0" encoding="UTF-8"?>
<!-- Generated by org.testng.reporters.JUnitReportReporter -->
<testsuite skipped="0" hostname="LAPTOP-8BJ9LJJR" name="Pkg.RestApiValidateHeader" tests="1" failures="0" timestamp="15 Apr 2022 11:42:15 GMT" time="2.216" errors="0">
  <testcase name="IteratingHeaders" time="2.216" classname="Pkg.RestApiValidateHeader"/>
</testsuite> <!-- Pkg.RestApiValidateHeader -->
