<?xml version="1.0" encoding="UTF-8"?>
<!-- Generated by org.testng.reporters.JUnitReportReporter -->
<testsuite skipped="0" hostname="LAPTOP-8BJ9LJJR" name="Pkg.RestAPITest1" tests="1" failures="0" timestamp="06 Jun 2022 11:07:12 GMT" time="3.321" errors="0">
  <testcase name="GetBooksDetails" time="3.321" classname="Pkg.RestAPITest1"/>
</testsuite> <!-- Pkg.RestAPITest1 -->
