<?xml version="1.0" encoding="UTF-8"?>
<!-- Generated by org.testng.reporters.JUnitReportReporter -->
<testsuite skipped="0" hostname="LAPTOP-8BJ9LJJR" name="Pkg.RestApiValidateHeader3" tests="1" failures="0" timestamp="15 Apr 2022 11:58:23 GMT" time="2.204" errors="0">
  <testcase name="ValidateBookHeaders" time="2.204" classname="Pkg.RestApiValidateHeader3"/>
</testsuite> <!-- Pkg.RestApiValidateHeader3 -->
