<?xml version="1.0" encoding="UTF-8"?>
<!-- Generated by org.testng.reporters.JUnitReportReporter -->
<testsuite skipped="0" hostname="LAPTOP-8BJ9LJJR" name="Pkg.SignINVit" tests="1" failures="0" timestamp="06 Jun 2022 11:29:35 GMT" time="0.647" errors="0">
  <testcase name="sign" time="0.647" classname="Pkg.SignINVit"/>
</testsuite> <!-- Pkg.SignINVit -->
