<?xml version="1.0" encoding="UTF-8"?>
<!-- Generated by org.testng.reporters.JUnitReportReporter -->
<testsuite skipped="0" hostname="LAPTOP-8BJ9LJJR" name="Vitalize.NavigateToAllFunct" tests="1" failures="0" timestamp="15 Jun 2022 06:14:57 GMT" time="30.663" errors="0">
  <testcase name="naviagtetoallfunctionality" time="30.663" classname="Vitalize.NavigateToAllFunct"/>
</testsuite> <!-- Vitalize.NavigateToAllFunct -->
