<?xml version="1.0" encoding="UTF-8"?>
<!-- Generated by org.testng.reporters.JUnitReportReporter -->
<testsuite skipped="0" hostname="LAPTOP-8BJ9LJJR" name="Pkg.signup" tests="1" failures="0" timestamp="07 Jun 2022 04:16:52 GMT" time="3.064" errors="0">
  <testcase name="sign" time="3.064" classname="Pkg.signup"/>
</testsuite> <!-- Pkg.signup -->
