<?xml version="1.0" encoding="UTF-8"?>
<!-- Generated by org.testng.reporters.JUnitReportReporter -->
<testsuite skipped="0" hostname="LAPTOP-8BJ9LJJR" name="Vitalize.SignInWithEReport" tests="1" failures="0" timestamp="15 Jun 2022 07:53:05 GMT" time="10.312" errors="0">
  <testcase name="signIn" time="10.312" classname="Vitalize.SignInWithEReport"/>
</testsuite> <!-- Vitalize.SignInWithEReport -->
