<?xml version="1.0" encoding="UTF-8"?>
<!-- Generated by org.testng.reporters.JUnitReportReporter -->
<testsuite skipped="0" hostname="LAPTOP-8BJ9LJJR" name="Pkg.RestAPITest" tests="1" failures="0" timestamp="15 Apr 2022 08:26:53 GMT" time="2.289" errors="0">
  <testcase name="GetBooksDetails" time="2.289" classname="Pkg.RestAPITest"/>
</testsuite> <!-- Pkg.RestAPITest -->
