<?xml version="1.0" encoding="UTF-8"?>
<!-- Generated by org.testng.reporters.JUnitReportReporter -->
<testsuite skipped="0" hostname="LAPTOP-8BJ9LJJR" name="Pkg.signIn" tests="1" failures="0" timestamp="02 Jun 2022 11:46:57 GMT" time="3.325" errors="0">
  <testcase name="signIn" time="3.325" classname="Pkg.signIn"/>
</testsuite> <!-- Pkg.signIn -->
