<?xml version="1.0" encoding="UTF-8"?>
<!-- Generated by org.testng.reporters.JUnitReportReporter -->
<testsuite skipped="0" hostname="LAPTOP-8BJ9LJJR" name="Vitalize.SignIn" tests="1" failures="0" timestamp="07 Jun 2022 10:28:40 GMT" time="0.691" errors="0">
  <testcase name="sign" time="0.691" classname="Vitalize.SignIn"/>
</testsuite> <!-- Vitalize.SignIn -->
