<?xml version="1.0" encoding="UTF-8"?>
<!-- Generated by org.testng.reporters.JUnitReportReporter -->
<testsuite skipped="0" hostname="LAPTOP-8BJ9LJJR" name="Pkg.RestAPITest2" tests="1" failures="0" timestamp="15 Apr 2022 11:03:05 GMT" time="2.134" errors="0">
  <testcase name="GetWeatherDetailsCondensed" time="2.134" classname="Pkg.RestAPITest2"/>
</testsuite> <!-- Pkg.RestAPITest2 -->
